[debug] [2025-09-07T14:02:28.011Z] ----------------------------------------------------------------------
[debug] [2025-09-07T14:02:28.012Z] Command:       /usr/local/bin/node /Users/dhanuboya/.npm/_npx/7750544ccf494d8b/node_modules/.bin/firebase emulators:start --only functions,firestore
[debug] [2025-09-07T14:02:28.013Z] CLI Version:   14.15.2
[debug] [2025-09-07T14:02:28.013Z] Platform:      darwin
[debug] [2025-09-07T14:02:28.013Z] Node Version:  v22.19.0
[debug] [2025-09-07T14:02:28.013Z] Time:          Mon Sep 08 2025 00:02:28 GMT+1000 (Australian Eastern Standard Time)
[debug] [2025-09-07T14:02:28.013Z] ----------------------------------------------------------------------
[debug] 
[debug] [2025-09-07T14:02:28.115Z] > command requires scopes: ["email","openid","https://www.googleapis.com/auth/cloudplatformprojects.readonly","https://www.googleapis.com/auth/firebase","https://www.googleapis.com/auth/cloud-platform"]
[debug] [2025-09-07T14:02:28.116Z] > authorizing via signed-in user (dhanujaboyagoda@gmail.com)
[debug] [2025-09-07T14:02:28.316Z] openjdk version "24.0.2" 2025-07-15

[debug] [2025-09-07T14:02:28.317Z] OpenJDK Runtime Environment Temurin-24.0.2+12 (build 24.0.2+12)
OpenJDK 64-Bit Server VM Temurin-24.0.2+12 (build 24.0.2+12, mixed mode, sharing)

[debug] [2025-09-07T14:02:28.324Z] Parsed Java major version: 24
[info] i  emulators: Starting emulators: functions, firestore {"metadata":{"emulator":{"name":"hub"},"message":"Starting emulators: functions, firestore"}}
[debug] [2025-09-07T14:02:28.559Z] [logging] Logging Emulator only supports listening on one address (127.0.0.1). Not listening on ::1
[debug] [2025-09-07T14:02:28.559Z] [firestore] Firestore Emulator only supports listening on one address (127.0.0.1). Not listening on ::1
[debug] [2025-09-07T14:02:28.559Z] [firestore.websocket] websocket server for firestore only supports listening on one address (127.0.0.1). Not listening on ::1
[debug] [2025-09-07T14:02:28.559Z] assigned listening specs for emulators {"user":{"hub":[{"address":"127.0.0.1","family":"IPv4","port":4400},{"address":"::1","family":"IPv6","port":4400}],"ui":[{"address":"127.0.0.1","family":"IPv4","port":4000},{"address":"::1","family":"IPv6","port":4000}],"logging":[{"address":"127.0.0.1","family":"IPv4","port":4500}],"firestore":[{"address":"127.0.0.1","family":"IPv4","port":8080}],"firestore.websocket":[{"address":"127.0.0.1","family":"IPv4","port":9150}]},"metadata":{"message":"assigned listening specs for emulators"}}
[debug] [2025-09-07T14:02:28.562Z] [hub] writing locator at /var/folders/p3/1c11z2290hb1xv8ql870sczc0000gn/T/hub-luxeclean-prod.json
[debug] [2025-09-07T14:02:28.689Z] [functions] Functions Emulator only supports listening on one address (127.0.0.1). Not listening on ::1
[debug] [2025-09-07T14:02:28.690Z] [eventarc] Eventarc Emulator only supports listening on one address (127.0.0.1). Not listening on ::1
[debug] [2025-09-07T14:02:28.690Z] [tasks] Cloud Tasks Emulator only supports listening on one address (127.0.0.1). Not listening on ::1
[debug] [2025-09-07T14:02:28.690Z] late-assigned ports for functions and eventarc emulators {"user":{"hub":[{"address":"127.0.0.1","family":"IPv4","port":4400},{"address":"::1","family":"IPv6","port":4400}],"ui":[{"address":"127.0.0.1","family":"IPv4","port":4000},{"address":"::1","family":"IPv6","port":4000}],"logging":[{"address":"127.0.0.1","family":"IPv4","port":4500}],"firestore":[{"address":"127.0.0.1","family":"IPv4","port":8080}],"firestore.websocket":[{"address":"127.0.0.1","family":"IPv4","port":9150}],"functions":[{"address":"127.0.0.1","family":"IPv4","port":5001}],"eventarc":[{"address":"127.0.0.1","family":"IPv4","port":9299}],"tasks":[{"address":"127.0.0.1","family":"IPv4","port":9499}]},"metadata":{"message":"late-assigned ports for functions and eventarc emulators"}}
[warn] ⚠  functions: The following emulators are not running, calls to these services from the Functions emulator will affect production: apphosting, auth, database, hosting, pubsub, storage, dataconnect {"metadata":{"emulator":{"name":"functions"},"message":"The following emulators are not running, calls to these services from the Functions emulator will affect production: \u001b[1mapphosting, auth, database, hosting, pubsub, storage, dataconnect\u001b[22m"}}
[debug] [2025-09-07T14:02:28.698Z] defaultcredentials: writing to file /Users/dhanuboya/.config/firebase/dhanujaboyagoda_gmail_com_application_default_credentials.json
[debug] [2025-09-07T14:02:28.699Z] Setting GAC to /Users/dhanuboya/.config/firebase/dhanujaboyagoda_gmail_com_application_default_credentials.json {"metadata":{"emulator":{"name":"functions"},"message":"Setting GAC to /Users/dhanuboya/.config/firebase/dhanujaboyagoda_gmail_com_application_default_credentials.json"}}
[debug] [2025-09-07T14:02:28.699Z] Checked if tokens are valid: true, expires at: 1757256363245
[debug] [2025-09-07T14:02:28.699Z] Checked if tokens are valid: true, expires at: 1757256363245
[debug] [2025-09-07T14:02:28.700Z] >>> [apiv2][query] GET https://firebase.googleapis.com/v1beta1/projects/luxeclean-prod/adminSdkConfig [none]
[debug] [2025-09-07T14:02:29.615Z] <<< [apiv2][status] GET https://firebase.googleapis.com/v1beta1/projects/luxeclean-prod/adminSdkConfig 200
[debug] [2025-09-07T14:02:29.616Z] <<< [apiv2][body] GET https://firebase.googleapis.com/v1beta1/projects/luxeclean-prod/adminSdkConfig {"projectId":"luxeclean-prod","storageBucket":"luxeclean-prod.firebasestorage.app"}
[warn] ⚠  firestore: Cloud Firestore Emulator does not support multiple databases yet. {"metadata":{"emulator":{"name":"firestore"},"message":"Cloud Firestore Emulator does not support multiple databases yet."}}
[warn] ⚠  firestore: Did not find a Cloud Firestore rules file specified in a firebase.json config file. {"metadata":{"emulator":{"name":"firestore"},"message":"Did not find a Cloud Firestore rules file specified in a firebase.json config file."}}
[warn] ⚠  firestore: The emulator will default to allowing all reads and writes. Learn more about this option: https://firebase.google.com/docs/emulator-suite/install_and_configure#security_rules_configuration. {"metadata":{"emulator":{"name":"firestore"},"message":"The emulator will default to allowing all reads and writes. Learn more about this option: https://firebase.google.com/docs/emulator-suite/install_and_configure#security_rules_configuration."}}
[debug] [2025-09-07T14:02:29.637Z] Ignoring unsupported arg: auto_download {"metadata":{"emulator":{"name":"firestore"},"message":"Ignoring unsupported arg: auto_download"}}
[debug] [2025-09-07T14:02:29.637Z] Ignoring unsupported arg: single_project_mode_error {"metadata":{"emulator":{"name":"firestore"},"message":"Ignoring unsupported arg: single_project_mode_error"}}
[debug] [2025-09-07T14:02:29.637Z] Starting Firestore Emulator with command {"binary":"java","args":["-Dgoogle.cloud_firestore.debug_log_level=FINE","-Duser.language=en","-jar","/Users/dhanuboya/.cache/firebase/emulators/cloud-firestore-emulator-v1.19.8.jar","--host","127.0.0.1","--port",8080,"--websocket_port",9150,"--project_id","luxeclean-prod","--single_project_mode",true,"--functions_emulator","127.0.0.1:5001"],"optionalArgs":["port","webchannel_port","host","rules","websocket_port","functions_emulator","seed_from_export","project_id","single_project_mode"],"joinArgs":false,"shell":false,"port":8080} {"metadata":{"emulator":{"name":"firestore"},"message":"Starting Firestore Emulator with command {\"binary\":\"java\",\"args\":[\"-Dgoogle.cloud_firestore.debug_log_level=FINE\",\"-Duser.language=en\",\"-jar\",\"/Users/dhanuboya/.cache/firebase/emulators/cloud-firestore-emulator-v1.19.8.jar\",\"--host\",\"127.0.0.1\",\"--port\",8080,\"--websocket_port\",9150,\"--project_id\",\"luxeclean-prod\",\"--single_project_mode\",true,\"--functions_emulator\",\"127.0.0.1:5001\"],\"optionalArgs\":[\"port\",\"webchannel_port\",\"host\",\"rules\",\"websocket_port\",\"functions_emulator\",\"seed_from_export\",\"project_id\",\"single_project_mode\"],\"joinArgs\":false,\"shell\":false,\"port\":8080}"}}
[info] i  firestore: Firestore Emulator logging to firestore-debug.log {"metadata":{"emulator":{"name":"firestore"},"message":"Firestore Emulator logging to \u001b[1mfirestore-debug.log\u001b[22m"}}
[debug] [2025-09-07T14:02:29.877Z] WARNING: A terminally deprecated method in sun.misc.Unsafe has been called
WARNING: sun.misc.Unsafe::objectFieldOffset has been called by io.netty.util.internal.PlatformDependent0$4 (file:/Users/dhanuboya/.cache/firebase/emulators/cloud-firestore-emulator-v1.19.8.jar)
WARNING: Please consider reporting this to the maintainers of class io.netty.util.internal.PlatformDependent0$4
WARNING: sun.misc.Unsafe::objectFieldOffset will be removed in a future release
 {"metadata":{"emulator":{"name":"firestore"},"message":"WARNING: A terminally deprecated method in sun.misc.Unsafe has been called\nWARNING: sun.misc.Unsafe::objectFieldOffset has been called by io.netty.util.internal.PlatformDependent0$4 (file:/Users/dhanuboya/.cache/firebase/emulators/cloud-firestore-emulator-v1.19.8.jar)\nWARNING: Please consider reporting this to the maintainers of class io.netty.util.internal.PlatformDependent0$4\nWARNING: sun.misc.Unsafe::objectFieldOffset will be removed in a future release\n"}}
[debug] [2025-09-07T14:02:30.317Z] Sep 08, 2025 12:02:30 AM com.google.cloud.datastore.emulator.firestore.websocket.WebSocketServer start
INFO: Started WebSocket server on ws://127.0.0.1:9150
 {"metadata":{"emulator":{"name":"firestore"},"message":"Sep 08, 2025 12:02:30 AM com.google.cloud.datastore.emulator.firestore.websocket.WebSocketServer start\nINFO: Started WebSocket server on ws://127.0.0.1:9150\n"}}
[debug] [2025-09-07T14:02:30.330Z] API endpoint: http:// {"metadata":{"emulator":{"name":"firestore"},"message":"API endpoint: http://"}}
[debug] [2025-09-07T14:02:30.330Z] 127.0.0.1:8080
If you are using a library that supports the FIRESTORE_EMULATOR_HOST environment variable, run:

   export FIRESTORE_EMULATOR_HOST=127.0.0.1:8080

If you are running a Firestore in Datastore Mode project, run:

   export DATASTORE_EMULATOR_HOST=127.0.0.1:8080

Note: Support for Datastore Mode is in preview. If you encounter any bugs please file at https://github.com/firebase/firebase-tools/issues.
Dev App Server is now running.

 {"metadata":{"emulator":{"name":"firestore"},"message":"127.0.0.1:8080\nIf you are using a library that supports the FIRESTORE_EMULATOR_HOST environment variable, run:\n\n   export FIRESTORE_EMULATOR_HOST=127.0.0.1:8080\n\nIf you are running a Firestore in Datastore Mode project, run:\n\n   export DATASTORE_EMULATOR_HOST=127.0.0.1:8080\n\nNote: Support for Datastore Mode is in preview. If you encounter any bugs please file at https://github.com/firebase/firebase-tools/issues.\nDev App Server is now running.\n\n"}}
[info] ✔  firestore: Firestore Emulator UI websocket is running on 9150. {"metadata":{"emulator":{"name":"firestore"},"message":"Firestore Emulator UI websocket is running on 9150."}}
[info] i  functions: Watching "/Users/dhanuboya/Desktop/Professional/LuxeCleanMelbs/luxeclean-app/app-functions" for Cloud Functions... {"metadata":{"emulator":{"name":"functions"},"message":"Watching \"/Users/dhanuboya/Desktop/Professional/LuxeCleanMelbs/luxeclean-app/app-functions\" for Cloud Functions..."}}
[debug] [2025-09-07T14:02:30.462Z] Validating nodejs source
[warn] ⚠  functions: package.json indicates an outdated version of firebase-functions. Please upgrade using npm install --save firebase-functions@latest in your functions directory. 
[warn] ⚠  functions: Please note that there will be breaking changes when you upgrade. 
[debug] [2025-09-07T14:02:30.945Z] > [functions] package.json contents: {
  "main": "index.js",
  "dependencies": {
    "firebase-admin": "^12.0.0",
    "firebase-functions": "^4.0.0",
    "express": "^4.18.2",
    "cors": "^2.8.5"
  }
}
[debug] [2025-09-07T14:02:30.945Z] Building nodejs source
[debug] [2025-09-07T14:02:30.945Z] Failed to find version of module node: reached end of search path /Users/dhanuboya/Desktop/Professional/LuxeCleanMelbs/luxeclean-app/app-functions/node_modules
[info] ✔  functions: Using node@22 from host. 
[info] i  functions: You are using a version of firebase-functions SDK (4.9.0) that does not have support for the newest Firebase Extensions features. Please update firebase-functions SDK to >=5.1.0 to use them correctly 
[debug] [2025-09-07T14:02:30.947Z] Could not find functions.yaml. Must use http discovery
[debug] [2025-09-07T14:02:30.953Z] Found firebase-functions binary at '/Users/dhanuboya/Desktop/Professional/LuxeCleanMelbs/luxeclean-app/app-functions/node_modules/.bin/firebase-functions'
[info] Serving at port 8093

[debug] [2025-09-07T14:02:31.658Z] Got response from /__/functions.yaml {"endpoints":{"api":{"platform":"gcfv1","availableMemoryMb":null,"timeoutSeconds":null,"minInstances":null,"maxInstances":null,"ingressSettings":null,"serviceAccountEmail":null,"vpc":null,"region":["us-central1"],"httpsTrigger":{},"entryPoint":"api"}},"specVersion":"v1alpha1","requiredAPIs":[]}
[info] ✔  functions: Loaded functions definitions from source: api. {"metadata":{"emulator":{"name":"functions"},"message":"Loaded functions definitions from source: api."}}
[info] ✔  functions[us-central1-api]: http function initialized (http://127.0.0.1:5001/luxeclean-prod/us-central1/api). {"metadata":{"emulator":{"name":"functions"},"message":"\u001b[1mhttp\u001b[22m function initialized (http://127.0.0.1:5001/luxeclean-prod/us-central1/api)."}}
[debug] [2025-09-07T14:02:35.697Z] Could not find VSCode notification endpoint: FetchError: request to http://localhost:40001/vscode/notify failed, reason: . If you are not running the Firebase Data Connect VSCode extension, this is expected and not an issue.
[info] 
┌─────────────────────────────────────────────────────────────┐
│ ✔  All emulators ready! It is now safe to connect your app. │
│ i  View Emulator UI at http://127.0.0.1:4000/               │
└─────────────────────────────────────────────────────────────┘

┌───────────┬────────────────┬─────────────────────────────────┐
│ Emulator  │ Host:Port      │ View in Emulator UI             │
├───────────┼────────────────┼─────────────────────────────────┤
│ Functions │ 127.0.0.1:5001 │ http://127.0.0.1:4000/functions │
├───────────┼────────────────┼─────────────────────────────────┤
│ Firestore │ 127.0.0.1:8080 │ http://127.0.0.1:4000/firestore │
└───────────┴────────────────┴─────────────────────────────────┘
  Emulator Hub host: 127.0.0.1 port: 4400
  Other reserved ports: 4500, 9150

Issues? Report them at https://github.com/firebase/firebase-tools/issues and attach the *-debug.log files.
 
[debug] [2025-09-07T14:03:00.362Z] Sep 08, 2025 12:03:00 AM com.google.cloud.datastore.emulator.firestore.websocket.WebSocketChannelHandler initChannel
INFO: Connected to new websocket client
 {"metadata":{"emulator":{"name":"firestore"},"message":"Sep 08, 2025 12:03:00 AM com.google.cloud.datastore.emulator.firestore.websocket.WebSocketChannelHandler initChannel\nINFO: Connected to new websocket client\n"}}
[debug] [2025-09-07T14:03:01.067Z] [work-queue] {"queuedWork":["/luxeclean-prod/us-central1/api-2025-09-07T14:03:01.067Z"],"queueLength":1,"runningWork":[],"workRunningCount":0}
[debug] [2025-09-07T14:03:01.067Z] [work-queue] {"queuedWork":[],"queueLength":0,"runningWork":["/luxeclean-prod/us-central1/api-2025-09-07T14:03:01.067Z"],"workRunningCount":1}
[debug] [2025-09-07T14:03:01.067Z] Accepted request GET /luxeclean-prod/us-central1/api --> us-central1-api
[debug] [2025-09-07T14:03:01.068Z] [functions] Runtime ready! Sending request! {"metadata":{"emulator":{"name":"functions"},"message":"[functions] Runtime ready! Sending request!"}}
[debug] [2025-09-07T14:03:01.069Z] [functions] Got req.url=/luxeclean-prod/us-central1/api, mapping to path=/ {"metadata":{"emulator":{"name":"functions"},"message":"[functions] Got req.url=/luxeclean-prod/us-central1/api, mapping to path=/"}}
[debug] [2025-09-07T14:03:01.074Z] [worker-pool] addWorker(us-central1-api) {"metadata":{"emulator":{"name":"functions"},"message":"[worker-pool] addWorker(us-central1-api)"}}
[debug] [2025-09-07T14:03:01.074Z] [worker-pool] Adding worker with key us-central1-api, total=1 {"metadata":{"emulator":{"name":"functions"},"message":"[worker-pool] Adding worker with key us-central1-api, total=1"}}
[debug] [2025-09-07T14:03:01.626Z] [runtime-status] [57073] Resolved module firebase-admin {"declared":true,"installed":true,"version":"12.7.0","resolution":"/Users/dhanuboya/Desktop/Professional/LuxeCleanMelbs/luxeclean-app/app-functions/node_modules/firebase-admin/lib/index.js"} {"metadata":{"emulator":{"name":"functions"},"function":{"name":"us-central1-api"},"extension":{},"message":"[runtime-status] [57073] Resolved module firebase-admin {\"declared\":true,\"installed\":true,\"version\":\"12.7.0\",\"resolution\":\"/Users/dhanuboya/Desktop/Professional/LuxeCleanMelbs/luxeclean-app/app-functions/node_modules/firebase-admin/lib/index.js\"}"}}
[debug] [2025-09-07T14:03:01.627Z] [runtime-status] [57073] Resolved module firebase-functions {"declared":true,"installed":true,"version":"4.9.0","resolution":"/Users/dhanuboya/Desktop/Professional/LuxeCleanMelbs/luxeclean-app/app-functions/node_modules/firebase-functions/lib/v1/index.js"} {"metadata":{"emulator":{"name":"functions"},"function":{"name":"us-central1-api"},"extension":{},"message":"[runtime-status] [57073] Resolved module firebase-functions {\"declared\":true,\"installed\":true,\"version\":\"4.9.0\",\"resolution\":\"/Users/dhanuboya/Desktop/Professional/LuxeCleanMelbs/luxeclean-app/app-functions/node_modules/firebase-functions/lib/v1/index.js\"}"}}
[debug] [2025-09-07T14:03:01.627Z] [runtime-status] [57073] Outgoing network have been stubbed. [{"name":"http","status":"mocked"},{"name":"http","status":"mocked"},{"name":"https","status":"mocked"},{"name":"https","status":"mocked"},{"name":"net","status":"mocked"}] {"metadata":{"emulator":{"name":"functions"},"function":{"name":"us-central1-api"},"extension":{},"message":"[runtime-status] [57073] Outgoing network have been stubbed. [{\"name\":\"http\",\"status\":\"mocked\"},{\"name\":\"http\",\"status\":\"mocked\"},{\"name\":\"https\",\"status\":\"mocked\"},{\"name\":\"https\",\"status\":\"mocked\"},{\"name\":\"net\",\"status\":\"mocked\"}]"}}
[debug] [2025-09-07T14:03:01.627Z] [runtime-status] [57073] Resolved module firebase-functions {"declared":true,"installed":true,"version":"4.9.0","resolution":"/Users/dhanuboya/Desktop/Professional/LuxeCleanMelbs/luxeclean-app/app-functions/node_modules/firebase-functions/lib/v1/index.js"} {"metadata":{"emulator":{"name":"functions"},"function":{"name":"us-central1-api"},"extension":{},"message":"[runtime-status] [57073] Resolved module firebase-functions {\"declared\":true,\"installed\":true,\"version\":\"4.9.0\",\"resolution\":\"/Users/dhanuboya/Desktop/Professional/LuxeCleanMelbs/luxeclean-app/app-functions/node_modules/firebase-functions/lib/v1/index.js\"}"}}
[debug] [2025-09-07T14:03:01.750Z] [runtime-status] [57073] Checked functions.config() {"config":{}} {"metadata":{"emulator":{"name":"functions"},"function":{"name":"us-central1-api"},"extension":{},"message":"[runtime-status] [57073] Checked functions.config() {\"config\":{}}"}}
[debug] [2025-09-07T14:03:01.750Z] [runtime-status] [57073] firebase-functions has been stubbed. {"functionsResolution":{"declared":true,"installed":true,"version":"4.9.0","resolution":"/Users/dhanuboya/Desktop/Professional/LuxeCleanMelbs/luxeclean-app/app-functions/node_modules/firebase-functions/lib/v1/index.js"}} {"metadata":{"emulator":{"name":"functions"},"function":{"name":"us-central1-api"},"extension":{},"message":"[runtime-status] [57073] firebase-functions has been stubbed. {\"functionsResolution\":{\"declared\":true,\"installed\":true,\"version\":\"4.9.0\",\"resolution\":\"/Users/dhanuboya/Desktop/Professional/LuxeCleanMelbs/luxeclean-app/app-functions/node_modules/firebase-functions/lib/v1/index.js\"}}"}}
[debug] [2025-09-07T14:03:01.751Z] [runtime-status] [57073] Resolved module firebase-functions {"declared":true,"installed":true,"version":"4.9.0","resolution":"/Users/dhanuboya/Desktop/Professional/LuxeCleanMelbs/luxeclean-app/app-functions/node_modules/firebase-functions/lib/v1/index.js"} {"metadata":{"emulator":{"name":"functions"},"function":{"name":"us-central1-api"},"extension":{},"message":"[runtime-status] [57073] Resolved module firebase-functions {\"declared\":true,\"installed\":true,\"version\":\"4.9.0\",\"resolution\":\"/Users/dhanuboya/Desktop/Professional/LuxeCleanMelbs/luxeclean-app/app-functions/node_modules/firebase-functions/lib/v1/index.js\"}"}}
[debug] [2025-09-07T14:03:01.751Z] [runtime-status] [57073] Resolved module firebase-admin {"declared":true,"installed":true,"version":"12.7.0","resolution":"/Users/dhanuboya/Desktop/Professional/LuxeCleanMelbs/luxeclean-app/app-functions/node_modules/firebase-admin/lib/index.js"} {"metadata":{"emulator":{"name":"functions"},"function":{"name":"us-central1-api"},"extension":{},"message":"[runtime-status] [57073] Resolved module firebase-admin {\"declared\":true,\"installed\":true,\"version\":\"12.7.0\",\"resolution\":\"/Users/dhanuboya/Desktop/Professional/LuxeCleanMelbs/luxeclean-app/app-functions/node_modules/firebase-admin/lib/index.js\"}"}}
[debug] [2025-09-07T14:03:01.752Z] [runtime-status] [57073] Resolved module firebase-functions {"declared":true,"installed":true,"version":"4.9.0","resolution":"/Users/dhanuboya/Desktop/Professional/LuxeCleanMelbs/luxeclean-app/app-functions/node_modules/firebase-functions/lib/v1/index.js"} {"metadata":{"emulator":{"name":"functions"},"function":{"name":"us-central1-api"},"extension":{},"message":"[runtime-status] [57073] Resolved module firebase-functions {\"declared\":true,\"installed\":true,\"version\":\"4.9.0\",\"resolution\":\"/Users/dhanuboya/Desktop/Professional/LuxeCleanMelbs/luxeclean-app/app-functions/node_modules/firebase-functions/lib/v1/index.js\"}"}}
[debug] [2025-09-07T14:03:01.752Z] [runtime-status] [57073] firebase-admin has been stubbed. {"adminResolution":{"declared":true,"installed":true,"version":"12.7.0","resolution":"/Users/dhanuboya/Desktop/Professional/LuxeCleanMelbs/luxeclean-app/app-functions/node_modules/firebase-admin/lib/index.js"}} {"metadata":{"emulator":{"name":"functions"},"function":{"name":"us-central1-api"},"extension":{},"message":"[runtime-status] [57073] firebase-admin has been stubbed. {\"adminResolution\":{\"declared\":true,\"installed\":true,\"version\":\"12.7.0\",\"resolution\":\"/Users/dhanuboya/Desktop/Professional/LuxeCleanMelbs/luxeclean-app/app-functions/node_modules/firebase-admin/lib/index.js\"}}"}}
[debug] [2025-09-07T14:03:01.802Z] [runtime-status] [57073] initializeApp(DEFAULT) {"storageBucket":"luxeclean-prod.firebasestorage.app","projectId":"luxeclean-prod"} {"metadata":{"emulator":{"name":"functions"},"function":{"name":"us-central1-api"},"extension":{},"message":"[runtime-status] [57073] initializeApp(DEFAULT) {\"storageBucket\":\"luxeclean-prod.firebasestorage.app\",\"projectId\":\"luxeclean-prod\"}"}}
[debug] [2025-09-07T14:03:01.806Z] [runtime-status] [57073] Functions runtime initialized. {"cwd":"/Users/dhanuboya/Desktop/Professional/LuxeCleanMelbs/luxeclean-app/app-functions","node_version":"22.19.0"} {"metadata":{"emulator":{"name":"functions"},"function":{"name":"us-central1-api"},"extension":{},"message":"[runtime-status] [57073] Functions runtime initialized. {\"cwd\":\"/Users/dhanuboya/Desktop/Professional/LuxeCleanMelbs/luxeclean-app/app-functions\",\"node_version\":\"22.19.0\"}"}}
[debug] [2025-09-07T14:03:01.806Z] [runtime-status] [57073] Listening to port: /var/folders/p3/1c11z2290hb1xv8ql870sczc0000gn/T/fire_emu_a65249d0d5925e70.sock {"metadata":{"emulator":{"name":"functions"},"function":{"name":"us-central1-api"},"extension":{},"message":"[runtime-status] [57073] Listening to port: /var/folders/p3/1c11z2290hb1xv8ql870sczc0000gn/T/fire_emu_a65249d0d5925e70.sock"}}
[debug] [2025-09-07T14:03:01.888Z] [worker-us-central1-api-4efbac2c-db91-4ec8-adbb-1a333c24864f]: IDLE {"metadata":{"emulator":{"name":"functions"},"function":{"name":"us-central1-api"},"extension":{},"message":"[worker-us-central1-api-4efbac2c-db91-4ec8-adbb-1a333c24864f]: IDLE"}}
[debug] [2025-09-07T14:03:01.889Z] [worker-pool] submitRequest(triggerId=us-central1-api) {"metadata":{"emulator":{"name":"functions"},"message":"[worker-pool] submitRequest(triggerId=us-central1-api)"}}
[info] i  functions: Beginning execution of "us-central1-api" {"metadata":{"emulator":{"name":"functions"},"function":{"name":"us-central1-api"},"extension":{},"message":"Beginning execution of \"us-central1-api\""}}
[debug] [2025-09-07T14:03:01.889Z] [worker-us-central1-api-4efbac2c-db91-4ec8-adbb-1a333c24864f]: BUSY {"metadata":{"emulator":{"name":"functions"},"function":{"name":"us-central1-api"},"extension":{},"message":"[worker-us-central1-api-4efbac2c-db91-4ec8-adbb-1a333c24864f]: BUSY"}}
[debug] [2025-09-07T14:03:01.893Z] Finishing up request with event=pause {"metadata":{"emulator":{"name":"functions"},"function":{"name":"us-central1-api"},"extension":{},"message":"Finishing up request with event=pause"}}
[info] i  functions: Finished "us-central1-api" in 4.309625ms {"metadata":{"emulator":{"name":"functions"},"function":{"name":"us-central1-api"},"extension":{},"message":"Finished \"us-central1-api\" in 4.309625ms"}}
[debug] [2025-09-07T14:03:01.894Z] [worker-us-central1-api-4efbac2c-db91-4ec8-adbb-1a333c24864f]: IDLE {"metadata":{"emulator":{"name":"functions"},"function":{"name":"us-central1-api"},"extension":{},"message":"[worker-us-central1-api-4efbac2c-db91-4ec8-adbb-1a333c24864f]: IDLE"}}
[debug] [2025-09-07T14:03:01.894Z] Finishing up request with event=finish {"metadata":{"emulator":{"name":"functions"},"function":{"name":"us-central1-api"},"extension":{},"message":"Finishing up request with event=finish"}}
[debug] [2025-09-07T14:03:01.894Z] Finishing up request with event=close {"metadata":{"emulator":{"name":"functions"},"function":{"name":"us-central1-api"},"extension":{},"message":"Finishing up request with event=close"}}
[debug] [2025-09-07T14:03:01.894Z] [work-queue] {"queuedWork":[],"queueLength":0,"runningWork":[],"workRunningCount":0}
[debug] [2025-09-07T14:03:11.804Z] [work-queue] {"queuedWork":["/luxeclean-prod/us-central1/api/health-2025-09-07T14:03:11.804Z"],"queueLength":1,"runningWork":[],"workRunningCount":0}
[debug] [2025-09-07T14:03:11.806Z] [work-queue] {"queuedWork":[],"queueLength":0,"runningWork":["/luxeclean-prod/us-central1/api/health-2025-09-07T14:03:11.804Z"],"workRunningCount":1}
[debug] [2025-09-07T14:03:11.806Z] Accepted request GET /luxeclean-prod/us-central1/api/health --> us-central1-api
[debug] [2025-09-07T14:03:11.807Z] [functions] Runtime ready! Sending request! {"metadata":{"emulator":{"name":"functions"},"message":"[functions] Runtime ready! Sending request!"}}
[debug] [2025-09-07T14:03:11.808Z] [functions] Got req.url=/luxeclean-prod/us-central1/api/health, mapping to path=/health {"metadata":{"emulator":{"name":"functions"},"message":"[functions] Got req.url=/luxeclean-prod/us-central1/api/health, mapping to path=/health"}}
[debug] [2025-09-07T14:03:11.808Z] [worker-pool] submitRequest(triggerId=us-central1-api) {"metadata":{"emulator":{"name":"functions"},"message":"[worker-pool] submitRequest(triggerId=us-central1-api)"}}
[info] i  functions: Beginning execution of "us-central1-api" {"metadata":{"emulator":{"name":"functions"},"function":{"name":"us-central1-api"},"extension":{},"message":"Beginning execution of \"us-central1-api\""}}
[debug] [2025-09-07T14:03:11.808Z] [worker-us-central1-api-4efbac2c-db91-4ec8-adbb-1a333c24864f]: BUSY {"metadata":{"emulator":{"name":"functions"},"function":{"name":"us-central1-api"},"extension":{},"message":"[worker-us-central1-api-4efbac2c-db91-4ec8-adbb-1a333c24864f]: BUSY"}}
[debug] [2025-09-07T14:03:11.812Z] Finishing up request with event=pause {"metadata":{"emulator":{"name":"functions"},"function":{"name":"us-central1-api"},"extension":{},"message":"Finishing up request with event=pause"}}
[info] i  functions: Finished "us-central1-api" in 4.117167ms {"metadata":{"emulator":{"name":"functions"},"function":{"name":"us-central1-api"},"extension":{},"message":"Finished \"us-central1-api\" in 4.117167ms"}}
[debug] [2025-09-07T14:03:11.812Z] [worker-us-central1-api-4efbac2c-db91-4ec8-adbb-1a333c24864f]: IDLE {"metadata":{"emulator":{"name":"functions"},"function":{"name":"us-central1-api"},"extension":{},"message":"[worker-us-central1-api-4efbac2c-db91-4ec8-adbb-1a333c24864f]: IDLE"}}
[debug] [2025-09-07T14:03:11.812Z] Finishing up request with event=finish {"metadata":{"emulator":{"name":"functions"},"function":{"name":"us-central1-api"},"extension":{},"message":"Finishing up request with event=finish"}}
[debug] [2025-09-07T14:03:11.813Z] Finishing up request with event=close {"metadata":{"emulator":{"name":"functions"},"function":{"name":"us-central1-api"},"extension":{},"message":"Finishing up request with event=close"}}
[debug] [2025-09-07T14:03:11.813Z] [work-queue] {"queuedWork":[],"queueLength":0,"runningWork":[],"workRunningCount":0}
[debug] [2025-09-07T14:03:22.016Z] [work-queue] {"queuedWork":["/luxeclean-prod/us-central1/api/health-2025-09-07T14:03:22.016Z"],"queueLength":1,"runningWork":[],"workRunningCount":0}
[debug] [2025-09-07T14:03:22.017Z] [work-queue] {"queuedWork":[],"queueLength":0,"runningWork":["/luxeclean-prod/us-central1/api/health-2025-09-07T14:03:22.016Z"],"workRunningCount":1}
[debug] [2025-09-07T14:03:22.017Z] Accepted request GET /luxeclean-prod/us-central1/api/health --> us-central1-api
[debug] [2025-09-07T14:03:22.018Z] [functions] Runtime ready! Sending request! {"metadata":{"emulator":{"name":"functions"},"message":"[functions] Runtime ready! Sending request!"}}
[debug] [2025-09-07T14:03:22.018Z] [functions] Got req.url=/luxeclean-prod/us-central1/api/health, mapping to path=/health {"metadata":{"emulator":{"name":"functions"},"message":"[functions] Got req.url=/luxeclean-prod/us-central1/api/health, mapping to path=/health"}}
[debug] [2025-09-07T14:03:22.019Z] [worker-pool] submitRequest(triggerId=us-central1-api) {"metadata":{"emulator":{"name":"functions"},"message":"[worker-pool] submitRequest(triggerId=us-central1-api)"}}
[info] i  functions: Beginning execution of "us-central1-api" {"metadata":{"emulator":{"name":"functions"},"function":{"name":"us-central1-api"},"extension":{},"message":"Beginning execution of \"us-central1-api\""}}
[debug] [2025-09-07T14:03:22.019Z] [worker-us-central1-api-4efbac2c-db91-4ec8-adbb-1a333c24864f]: BUSY {"metadata":{"emulator":{"name":"functions"},"function":{"name":"us-central1-api"},"extension":{},"message":"[worker-us-central1-api-4efbac2c-db91-4ec8-adbb-1a333c24864f]: BUSY"}}
[debug] [2025-09-07T14:03:22.024Z] Finishing up request with event=pause {"metadata":{"emulator":{"name":"functions"},"function":{"name":"us-central1-api"},"extension":{},"message":"Finishing up request with event=pause"}}
[info] i  functions: Finished "us-central1-api" in 5.268584ms {"metadata":{"emulator":{"name":"functions"},"function":{"name":"us-central1-api"},"extension":{},"message":"Finished \"us-central1-api\" in 5.268584ms"}}
[debug] [2025-09-07T14:03:22.025Z] [worker-us-central1-api-4efbac2c-db91-4ec8-adbb-1a333c24864f]: IDLE {"metadata":{"emulator":{"name":"functions"},"function":{"name":"us-central1-api"},"extension":{},"message":"[worker-us-central1-api-4efbac2c-db91-4ec8-adbb-1a333c24864f]: IDLE"}}
[debug] [2025-09-07T14:03:22.025Z] Finishing up request with event=finish {"metadata":{"emulator":{"name":"functions"},"function":{"name":"us-central1-api"},"extension":{},"message":"Finishing up request with event=finish"}}
[debug] [2025-09-07T14:03:22.025Z] Finishing up request with event=close {"metadata":{"emulator":{"name":"functions"},"function":{"name":"us-central1-api"},"extension":{},"message":"Finishing up request with event=close"}}
[debug] [2025-09-07T14:03:22.025Z] [work-queue] {"queuedWork":[],"queueLength":0,"runningWork":[],"workRunningCount":0}
[debug] [2025-09-07T14:05:32.305Z] File /Users/dhanuboya/Desktop/Professional/LuxeCleanMelbs/luxeclean-app/app-functions/index.js changed, reloading triggers {"metadata":{"emulator":{"name":"functions"},"message":"File /Users/dhanuboya/Desktop/Professional/LuxeCleanMelbs/luxeclean-app/app-functions/index.js changed, reloading triggers"}}
[debug] [2025-09-07T14:05:33.310Z] Validating nodejs source
[warn] ⚠  functions: package.json indicates an outdated version of firebase-functions. Please upgrade using npm install --save firebase-functions@latest in your functions directory. 
[warn] ⚠  functions: Please note that there will be breaking changes when you upgrade. 
[debug] [2025-09-07T14:05:34.049Z] > [functions] package.json contents: {
  "main": "index.js",
  "dependencies": {
    "firebase-admin": "^12.0.0",
    "firebase-functions": "^4.0.0",
    "express": "^4.18.2",
    "cors": "^2.8.5"
  }
}
[debug] [2025-09-07T14:05:34.049Z] Building nodejs source
[debug] [2025-09-07T14:05:34.050Z] Failed to find version of module node: reached end of search path /Users/dhanuboya/Desktop/Professional/LuxeCleanMelbs/luxeclean-app/app-functions/node_modules
[info] ✔  functions: Using node@22 from host. 
[info] i  functions: You are using a version of firebase-functions SDK (4.9.0) that does not have support for the newest Firebase Extensions features. Please update firebase-functions SDK to >=5.1.0 to use them correctly 
[debug] [2025-09-07T14:05:34.051Z] Could not find functions.yaml. Must use http discovery
[debug] [2025-09-07T14:05:34.052Z] Found firebase-functions binary at '/Users/dhanuboya/Desktop/Professional/LuxeCleanMelbs/luxeclean-app/app-functions/node_modules/.bin/firebase-functions'
[info] Serving at port 8226

[info] [api] boot file: /Users/dhanuboya/Desktop/Professional/LuxeCleanMelbs/luxeclean-app/app-functions/index.js

[debug] [2025-09-07T14:05:34.458Z] Got response from /__/functions.yaml {"endpoints":{"api":{"availableMemoryMb":null,"timeoutSeconds":null,"minInstances":null,"maxInstances":null,"ingressSettings":null,"concurrency":null,"serviceAccountEmail":null,"vpc":null,"platform":"gcfv2","region":["us-central1"],"labels":{},"httpsTrigger":{},"entryPoint":"api"}},"specVersion":"v1alpha1","requiredAPIs":[]}
[info] ✔  functions: Loaded functions definitions from source: api. {"metadata":{"emulator":{"name":"functions"},"message":"Loaded functions definitions from source: api."}}
[debug] [2025-09-07T14:05:38.473Z] [worker-pool] Shutting down IDLE worker (us-central1-api) {"metadata":{"emulator":{"name":"functions"},"message":"[worker-pool] Shutting down IDLE worker (us-central1-api)"}}
[debug] [2025-09-07T14:05:38.473Z] [worker-us-central1-api-4efbac2c-db91-4ec8-adbb-1a333c24864f]: FINISHING {"metadata":{"emulator":{"name":"functions"},"function":{"name":"us-central1-api"},"extension":{},"message":"[worker-us-central1-api-4efbac2c-db91-4ec8-adbb-1a333c24864f]: FINISHING"}}
[debug] [2025-09-07T14:05:38.483Z] [worker-us-central1-api-4efbac2c-db91-4ec8-adbb-1a333c24864f]: exited {"metadata":{"emulator":{"name":"functions"},"function":{"name":"us-central1-api"},"extension":{},"message":"[worker-us-central1-api-4efbac2c-db91-4ec8-adbb-1a333c24864f]: exited"}}
[debug] [2025-09-07T14:05:38.483Z] [worker-us-central1-api-4efbac2c-db91-4ec8-adbb-1a333c24864f]: FINISHED {"metadata":{"emulator":{"name":"functions"},"function":{"name":"us-central1-api"},"extension":{},"message":"[worker-us-central1-api-4efbac2c-db91-4ec8-adbb-1a333c24864f]: FINISHED"}}
[debug] [2025-09-07T14:05:45.351Z] [work-queue] {"queuedWork":["/luxeclean-prod/us-central1/api/health-2025-09-07T14:05:45.351Z"],"queueLength":1,"runningWork":[],"workRunningCount":0}
[debug] [2025-09-07T14:05:45.352Z] [work-queue] {"queuedWork":[],"queueLength":0,"runningWork":["/luxeclean-prod/us-central1/api/health-2025-09-07T14:05:45.351Z"],"workRunningCount":1}
[debug] [2025-09-07T14:05:45.352Z] Accepted request GET /luxeclean-prod/us-central1/api/health --> us-central1-api
[debug] [2025-09-07T14:05:45.352Z] [functions] Runtime ready! Sending request! {"metadata":{"emulator":{"name":"functions"},"message":"[functions] Runtime ready! Sending request!"}}
[debug] [2025-09-07T14:05:45.352Z] [functions] Got req.url=/luxeclean-prod/us-central1/api/health, mapping to path=/health {"metadata":{"emulator":{"name":"functions"},"message":"[functions] Got req.url=/luxeclean-prod/us-central1/api/health, mapping to path=/health"}}
[debug] [2025-09-07T14:05:45.352Z] [worker-pool] Cleaned up workers for us-central1-api: 1 --> 0 {"metadata":{"emulator":{"name":"functions"},"message":"[worker-pool] Cleaned up workers for us-central1-api: 1 --> 0"}}
[debug] [2025-09-07T14:05:45.353Z] [worker-pool] addWorker(us-central1-api) {"metadata":{"emulator":{"name":"functions"},"message":"[worker-pool] addWorker(us-central1-api)"}}
[debug] [2025-09-07T14:05:45.354Z] [worker-pool] Adding worker with key us-central1-api, total=1 {"metadata":{"emulator":{"name":"functions"},"message":"[worker-pool] Adding worker with key us-central1-api, total=1"}}
[debug] [2025-09-07T14:05:45.902Z] [runtime-status] [57760] Resolved module firebase-admin {"declared":true,"installed":true,"version":"12.7.0","resolution":"/Users/dhanuboya/Desktop/Professional/LuxeCleanMelbs/luxeclean-app/app-functions/node_modules/firebase-admin/lib/index.js"} {"metadata":{"emulator":{"name":"functions"},"function":{"name":"us-central1-api"},"extension":{},"message":"[runtime-status] [57760] Resolved module firebase-admin {\"declared\":true,\"installed\":true,\"version\":\"12.7.0\",\"resolution\":\"/Users/dhanuboya/Desktop/Professional/LuxeCleanMelbs/luxeclean-app/app-functions/node_modules/firebase-admin/lib/index.js\"}"}}
[debug] [2025-09-07T14:05:45.902Z] [runtime-status] [57760] Resolved module firebase-functions {"declared":true,"installed":true,"version":"4.9.0","resolution":"/Users/dhanuboya/Desktop/Professional/LuxeCleanMelbs/luxeclean-app/app-functions/node_modules/firebase-functions/lib/v1/index.js"} {"metadata":{"emulator":{"name":"functions"},"function":{"name":"us-central1-api"},"extension":{},"message":"[runtime-status] [57760] Resolved module firebase-functions {\"declared\":true,\"installed\":true,\"version\":\"4.9.0\",\"resolution\":\"/Users/dhanuboya/Desktop/Professional/LuxeCleanMelbs/luxeclean-app/app-functions/node_modules/firebase-functions/lib/v1/index.js\"}"}}
[debug] [2025-09-07T14:05:45.902Z] [runtime-status] [57760] Outgoing network have been stubbed. [{"name":"http","status":"mocked"},{"name":"http","status":"mocked"},{"name":"https","status":"mocked"},{"name":"https","status":"mocked"},{"name":"net","status":"mocked"}] {"metadata":{"emulator":{"name":"functions"},"function":{"name":"us-central1-api"},"extension":{},"message":"[runtime-status] [57760] Outgoing network have been stubbed. [{\"name\":\"http\",\"status\":\"mocked\"},{\"name\":\"http\",\"status\":\"mocked\"},{\"name\":\"https\",\"status\":\"mocked\"},{\"name\":\"https\",\"status\":\"mocked\"},{\"name\":\"net\",\"status\":\"mocked\"}]"}}
[debug] [2025-09-07T14:05:45.903Z] [runtime-status] [57760] Resolved module firebase-functions {"declared":true,"installed":true,"version":"4.9.0","resolution":"/Users/dhanuboya/Desktop/Professional/LuxeCleanMelbs/luxeclean-app/app-functions/node_modules/firebase-functions/lib/v1/index.js"} {"metadata":{"emulator":{"name":"functions"},"function":{"name":"us-central1-api"},"extension":{},"message":"[runtime-status] [57760] Resolved module firebase-functions {\"declared\":true,\"installed\":true,\"version\":\"4.9.0\",\"resolution\":\"/Users/dhanuboya/Desktop/Professional/LuxeCleanMelbs/luxeclean-app/app-functions/node_modules/firebase-functions/lib/v1/index.js\"}"}}
[debug] [2025-09-07T14:05:46.029Z] [runtime-status] [57760] Checked functions.config() {"config":{}} {"metadata":{"emulator":{"name":"functions"},"function":{"name":"us-central1-api"},"extension":{},"message":"[runtime-status] [57760] Checked functions.config() {\"config\":{}}"}}
[debug] [2025-09-07T14:05:46.029Z] [runtime-status] [57760] firebase-functions has been stubbed. {"functionsResolution":{"declared":true,"installed":true,"version":"4.9.0","resolution":"/Users/dhanuboya/Desktop/Professional/LuxeCleanMelbs/luxeclean-app/app-functions/node_modules/firebase-functions/lib/v1/index.js"}} {"metadata":{"emulator":{"name":"functions"},"function":{"name":"us-central1-api"},"extension":{},"message":"[runtime-status] [57760] firebase-functions has been stubbed. {\"functionsResolution\":{\"declared\":true,\"installed\":true,\"version\":\"4.9.0\",\"resolution\":\"/Users/dhanuboya/Desktop/Professional/LuxeCleanMelbs/luxeclean-app/app-functions/node_modules/firebase-functions/lib/v1/index.js\"}}"}}
[debug] [2025-09-07T14:05:46.029Z] [runtime-status] [57760] Resolved module firebase-functions {"declared":true,"installed":true,"version":"4.9.0","resolution":"/Users/dhanuboya/Desktop/Professional/LuxeCleanMelbs/luxeclean-app/app-functions/node_modules/firebase-functions/lib/v1/index.js"} {"metadata":{"emulator":{"name":"functions"},"function":{"name":"us-central1-api"},"extension":{},"message":"[runtime-status] [57760] Resolved module firebase-functions {\"declared\":true,\"installed\":true,\"version\":\"4.9.0\",\"resolution\":\"/Users/dhanuboya/Desktop/Professional/LuxeCleanMelbs/luxeclean-app/app-functions/node_modules/firebase-functions/lib/v1/index.js\"}"}}
[debug] [2025-09-07T14:05:46.029Z] [runtime-status] [57760] Resolved module firebase-admin {"declared":true,"installed":true,"version":"12.7.0","resolution":"/Users/dhanuboya/Desktop/Professional/LuxeCleanMelbs/luxeclean-app/app-functions/node_modules/firebase-admin/lib/index.js"} {"metadata":{"emulator":{"name":"functions"},"function":{"name":"us-central1-api"},"extension":{},"message":"[runtime-status] [57760] Resolved module firebase-admin {\"declared\":true,\"installed\":true,\"version\":\"12.7.0\",\"resolution\":\"/Users/dhanuboya/Desktop/Professional/LuxeCleanMelbs/luxeclean-app/app-functions/node_modules/firebase-admin/lib/index.js\"}"}}
[debug] [2025-09-07T14:05:46.030Z] [runtime-status] [57760] Resolved module firebase-functions {"declared":true,"installed":true,"version":"4.9.0","resolution":"/Users/dhanuboya/Desktop/Professional/LuxeCleanMelbs/luxeclean-app/app-functions/node_modules/firebase-functions/lib/v1/index.js"} {"metadata":{"emulator":{"name":"functions"},"function":{"name":"us-central1-api"},"extension":{},"message":"[runtime-status] [57760] Resolved module firebase-functions {\"declared\":true,\"installed\":true,\"version\":\"4.9.0\",\"resolution\":\"/Users/dhanuboya/Desktop/Professional/LuxeCleanMelbs/luxeclean-app/app-functions/node_modules/firebase-functions/lib/v1/index.js\"}"}}
[debug] [2025-09-07T14:05:46.030Z] [runtime-status] [57760] firebase-admin has been stubbed. {"adminResolution":{"declared":true,"installed":true,"version":"12.7.0","resolution":"/Users/dhanuboya/Desktop/Professional/LuxeCleanMelbs/luxeclean-app/app-functions/node_modules/firebase-admin/lib/index.js"}} {"metadata":{"emulator":{"name":"functions"},"function":{"name":"us-central1-api"},"extension":{},"message":"[runtime-status] [57760] firebase-admin has been stubbed. {\"adminResolution\":{\"declared\":true,\"installed\":true,\"version\":\"12.7.0\",\"resolution\":\"/Users/dhanuboya/Desktop/Professional/LuxeCleanMelbs/luxeclean-app/app-functions/node_modules/firebase-admin/lib/index.js\"}}"}}
[info] >  [api] boot file: /Users/dhanuboya/Desktop/Professional/LuxeCleanMelbs/luxeclean-app/app-functions/index.js {"user":"[api] boot file: /Users/dhanuboya/Desktop/Professional/LuxeCleanMelbs/luxeclean-app/app-functions/index.js","metadata":{"emulator":{"name":"functions"},"function":{"name":"us-central1-api"},"extension":{},"message":"\u001b[90m> \u001b[39m [api] boot file: /Users/dhanuboya/Desktop/Professional/LuxeCleanMelbs/luxeclean-app/app-functions/index.js"}}
[debug] [2025-09-07T14:05:46.072Z] [runtime-status] [57760] initializeApp(DEFAULT) {"storageBucket":"luxeclean-prod.firebasestorage.app","projectId":"luxeclean-prod"} {"metadata":{"emulator":{"name":"functions"},"function":{"name":"us-central1-api"},"extension":{},"message":"[runtime-status] [57760] initializeApp(DEFAULT) {\"storageBucket\":\"luxeclean-prod.firebasestorage.app\",\"projectId\":\"luxeclean-prod\"}"}}
[debug] [2025-09-07T14:05:46.076Z] [runtime-status] [57760] Functions runtime initialized. {"cwd":"/Users/dhanuboya/Desktop/Professional/LuxeCleanMelbs/luxeclean-app/app-functions","node_version":"22.19.0"} {"metadata":{"emulator":{"name":"functions"},"function":{"name":"us-central1-api"},"extension":{},"message":"[runtime-status] [57760] Functions runtime initialized. {\"cwd\":\"/Users/dhanuboya/Desktop/Professional/LuxeCleanMelbs/luxeclean-app/app-functions\",\"node_version\":\"22.19.0\"}"}}
[debug] [2025-09-07T14:05:46.076Z] [runtime-status] [57760] Listening to port: /var/folders/p3/1c11z2290hb1xv8ql870sczc0000gn/T/fire_emu_ca92265b13ce9980.sock {"metadata":{"emulator":{"name":"functions"},"function":{"name":"us-central1-api"},"extension":{},"message":"[runtime-status] [57760] Listening to port: /var/folders/p3/1c11z2290hb1xv8ql870sczc0000gn/T/fire_emu_ca92265b13ce9980.sock"}}
[debug] [2025-09-07T14:05:46.169Z] [worker-us-central1-api-3157fdf8-a820-4bc2-979a-d7136443cee3]: IDLE {"metadata":{"emulator":{"name":"functions"},"function":{"name":"us-central1-api"},"extension":{},"message":"[worker-us-central1-api-3157fdf8-a820-4bc2-979a-d7136443cee3]: IDLE"}}
[debug] [2025-09-07T14:05:46.169Z] [worker-pool] submitRequest(triggerId=us-central1-api) {"metadata":{"emulator":{"name":"functions"},"message":"[worker-pool] submitRequest(triggerId=us-central1-api)"}}
[info] i  functions: Beginning execution of "us-central1-api" {"metadata":{"emulator":{"name":"functions"},"function":{"name":"us-central1-api"},"extension":{},"message":"Beginning execution of \"us-central1-api\""}}
[debug] [2025-09-07T14:05:46.169Z] [worker-us-central1-api-3157fdf8-a820-4bc2-979a-d7136443cee3]: BUSY {"metadata":{"emulator":{"name":"functions"},"function":{"name":"us-central1-api"},"extension":{},"message":"[worker-us-central1-api-3157fdf8-a820-4bc2-979a-d7136443cee3]: BUSY"}}
[info] >  [api] GET /health {"user":"[api] GET /health","metadata":{"emulator":{"name":"functions"},"function":{"name":"us-central1-api"},"extension":{},"message":"\u001b[90m> \u001b[39m [api] GET /health"}}
[debug] [2025-09-07T14:05:46.173Z] Finishing up request with event=pause {"metadata":{"emulator":{"name":"functions"},"function":{"name":"us-central1-api"},"extension":{},"message":"Finishing up request with event=pause"}}
[info] i  functions: Finished "us-central1-api" in 3.593959ms {"metadata":{"emulator":{"name":"functions"},"function":{"name":"us-central1-api"},"extension":{},"message":"Finished \"us-central1-api\" in 3.593959ms"}}
[debug] [2025-09-07T14:05:46.173Z] [worker-us-central1-api-3157fdf8-a820-4bc2-979a-d7136443cee3]: IDLE {"metadata":{"emulator":{"name":"functions"},"function":{"name":"us-central1-api"},"extension":{},"message":"[worker-us-central1-api-3157fdf8-a820-4bc2-979a-d7136443cee3]: IDLE"}}
[debug] [2025-09-07T14:05:46.173Z] Finishing up request with event=finish {"metadata":{"emulator":{"name":"functions"},"function":{"name":"us-central1-api"},"extension":{},"message":"Finishing up request with event=finish"}}
[debug] [2025-09-07T14:05:46.173Z] Finishing up request with event=close {"metadata":{"emulator":{"name":"functions"},"function":{"name":"us-central1-api"},"extension":{},"message":"Finishing up request with event=close"}}
[debug] [2025-09-07T14:05:46.173Z] [work-queue] {"queuedWork":[],"queueLength":0,"runningWork":[],"workRunningCount":0}
[debug] [2025-09-07T14:08:22.239Z] [work-queue] {"queuedWork":["/luxeclean-prod/us-central1/api-2025-09-07T14:08:22.239Z"],"queueLength":1,"runningWork":[],"workRunningCount":0}
[debug] [2025-09-07T14:08:22.240Z] [work-queue] {"queuedWork":[],"queueLength":0,"runningWork":["/luxeclean-prod/us-central1/api-2025-09-07T14:08:22.239Z"],"workRunningCount":1}
[debug] [2025-09-07T14:08:22.240Z] Accepted request GET /luxeclean-prod/us-central1/api --> us-central1-api
[debug] [2025-09-07T14:08:22.241Z] [functions] Runtime ready! Sending request! {"metadata":{"emulator":{"name":"functions"},"message":"[functions] Runtime ready! Sending request!"}}
[debug] [2025-09-07T14:08:22.241Z] [functions] Got req.url=/luxeclean-prod/us-central1/api, mapping to path=/ {"metadata":{"emulator":{"name":"functions"},"message":"[functions] Got req.url=/luxeclean-prod/us-central1/api, mapping to path=/"}}
[debug] [2025-09-07T14:08:22.242Z] [worker-pool] submitRequest(triggerId=us-central1-api) {"metadata":{"emulator":{"name":"functions"},"message":"[worker-pool] submitRequest(triggerId=us-central1-api)"}}
[info] i  functions: Beginning execution of "us-central1-api" {"metadata":{"emulator":{"name":"functions"},"function":{"name":"us-central1-api"},"extension":{},"message":"Beginning execution of \"us-central1-api\""}}
[debug] [2025-09-07T14:08:22.242Z] [worker-us-central1-api-3157fdf8-a820-4bc2-979a-d7136443cee3]: BUSY {"metadata":{"emulator":{"name":"functions"},"function":{"name":"us-central1-api"},"extension":{},"message":"[worker-us-central1-api-3157fdf8-a820-4bc2-979a-d7136443cee3]: BUSY"}}
[info] >  [api] GET / {"user":"[api] GET /","metadata":{"emulator":{"name":"functions"},"function":{"name":"us-central1-api"},"extension":{},"message":"\u001b[90m> \u001b[39m [api] GET /"}}
[debug] [2025-09-07T14:08:22.250Z] Finishing up request with event=pause {"metadata":{"emulator":{"name":"functions"},"function":{"name":"us-central1-api"},"extension":{},"message":"Finishing up request with event=pause"}}
[info] i  functions: Finished "us-central1-api" in 7.899125ms {"metadata":{"emulator":{"name":"functions"},"function":{"name":"us-central1-api"},"extension":{},"message":"Finished \"us-central1-api\" in 7.899125ms"}}
[debug] [2025-09-07T14:08:22.250Z] [worker-us-central1-api-3157fdf8-a820-4bc2-979a-d7136443cee3]: IDLE {"metadata":{"emulator":{"name":"functions"},"function":{"name":"us-central1-api"},"extension":{},"message":"[worker-us-central1-api-3157fdf8-a820-4bc2-979a-d7136443cee3]: IDLE"}}
[debug] [2025-09-07T14:08:22.250Z] Finishing up request with event=finish {"metadata":{"emulator":{"name":"functions"},"function":{"name":"us-central1-api"},"extension":{},"message":"Finishing up request with event=finish"}}
[debug] [2025-09-07T14:08:22.250Z] Finishing up request with event=close {"metadata":{"emulator":{"name":"functions"},"function":{"name":"us-central1-api"},"extension":{},"message":"Finishing up request with event=close"}}
[debug] [2025-09-07T14:08:22.250Z] [work-queue] {"queuedWork":[],"queueLength":0,"runningWork":[],"workRunningCount":0}
[debug] [2025-09-07T14:08:33.512Z] [work-queue] {"queuedWork":["/luxeclean-prod/us-central1/api/quotes-2025-09-07T14:08:33.512Z"],"queueLength":1,"runningWork":[],"workRunningCount":0}
[debug] [2025-09-07T14:08:33.514Z] [work-queue] {"queuedWork":[],"queueLength":0,"runningWork":["/luxeclean-prod/us-central1/api/quotes-2025-09-07T14:08:33.512Z"],"workRunningCount":1}
[debug] [2025-09-07T14:08:33.514Z] Accepted request POST /luxeclean-prod/us-central1/api/quotes --> us-central1-api
[debug] [2025-09-07T14:08:33.515Z] [functions] Runtime ready! Sending request! {"metadata":{"emulator":{"name":"functions"},"message":"[functions] Runtime ready! Sending request!"}}
[debug] [2025-09-07T14:08:33.515Z] [functions] Got req.url=/luxeclean-prod/us-central1/api/quotes, mapping to path=/quotes {"metadata":{"emulator":{"name":"functions"},"message":"[functions] Got req.url=/luxeclean-prod/us-central1/api/quotes, mapping to path=/quotes"}}
[debug] [2025-09-07T14:08:33.515Z] [worker-pool] submitRequest(triggerId=us-central1-api) {"metadata":{"emulator":{"name":"functions"},"message":"[worker-pool] submitRequest(triggerId=us-central1-api)"}}
[info] i  functions: Beginning execution of "us-central1-api" {"metadata":{"emulator":{"name":"functions"},"function":{"name":"us-central1-api"},"extension":{},"message":"Beginning execution of \"us-central1-api\""}}
[debug] [2025-09-07T14:08:33.516Z] [worker-us-central1-api-3157fdf8-a820-4bc2-979a-d7136443cee3]: BUSY {"metadata":{"emulator":{"name":"functions"},"function":{"name":"us-central1-api"},"extension":{},"message":"[worker-us-central1-api-3157fdf8-a820-4bc2-979a-d7136443cee3]: BUSY"}}
[info] >  [api] POST /quotes {"user":"[api] POST /quotes","metadata":{"emulator":{"name":"functions"},"function":{"name":"us-central1-api"},"extension":{},"message":"\u001b[90m> \u001b[39m [api] POST /quotes"}}
[debug] [2025-09-07T14:08:33.739Z] Sep 08, 2025 12:08:33 AM io.gapi.emulators.netty.HttpVersionRoutingHandler channelRead
INFO: Detected HTTP/2 connection.
 {"metadata":{"emulator":{"name":"firestore"},"message":"Sep 08, 2025 12:08:33 AM io.gapi.emulators.netty.HttpVersionRoutingHandler channelRead\nINFO: Detected HTTP/2 connection.\n"}}
[debug] [2025-09-07T14:08:34.117Z] Finishing up request with event=pause {"metadata":{"emulator":{"name":"functions"},"function":{"name":"us-central1-api"},"extension":{},"message":"Finishing up request with event=pause"}}
[info] i  functions: Finished "us-central1-api" in 600.964625ms {"metadata":{"emulator":{"name":"functions"},"function":{"name":"us-central1-api"},"extension":{},"message":"Finished \"us-central1-api\" in 600.964625ms"}}
[debug] [2025-09-07T14:08:34.117Z] [worker-us-central1-api-3157fdf8-a820-4bc2-979a-d7136443cee3]: IDLE {"metadata":{"emulator":{"name":"functions"},"function":{"name":"us-central1-api"},"extension":{},"message":"[worker-us-central1-api-3157fdf8-a820-4bc2-979a-d7136443cee3]: IDLE"}}
[debug] [2025-09-07T14:08:34.117Z] Finishing up request with event=finish {"metadata":{"emulator":{"name":"functions"},"function":{"name":"us-central1-api"},"extension":{},"message":"Finishing up request with event=finish"}}
[debug] [2025-09-07T14:08:34.117Z] Finishing up request with event=close {"metadata":{"emulator":{"name":"functions"},"function":{"name":"us-central1-api"},"extension":{},"message":"Finishing up request with event=close"}}
[debug] [2025-09-07T14:08:34.117Z] [work-queue] {"queuedWork":[],"queueLength":0,"runningWork":[],"workRunningCount":0}
[debug] [2025-09-07T14:14:14.337Z] [work-queue] {"queuedWork":["/luxeclean-prod/us-central1/api/quotes/OsWfcPnAKP6f3v65kl8H-2025-09-07T14:14:14.334Z"],"queueLength":1,"runningWork":[],"workRunningCount":0}
[debug] [2025-09-07T14:14:14.340Z] [work-queue] {"queuedWork":[],"queueLength":0,"runningWork":["/luxeclean-prod/us-central1/api/quotes/OsWfcPnAKP6f3v65kl8H-2025-09-07T14:14:14.334Z"],"workRunningCount":1}
[debug] [2025-09-07T14:14:14.340Z] Accepted request GET /luxeclean-prod/us-central1/api/quotes/OsWfcPnAKP6f3v65kl8H --> us-central1-api
[debug] [2025-09-07T14:14:14.342Z] [functions] Runtime ready! Sending request! {"metadata":{"emulator":{"name":"functions"},"message":"[functions] Runtime ready! Sending request!"}}
[debug] [2025-09-07T14:14:14.344Z] [functions] Got req.url=/luxeclean-prod/us-central1/api/quotes/OsWfcPnAKP6f3v65kl8H, mapping to path=/quotes/OsWfcPnAKP6f3v65kl8H {"metadata":{"emulator":{"name":"functions"},"message":"[functions] Got req.url=/luxeclean-prod/us-central1/api/quotes/OsWfcPnAKP6f3v65kl8H, mapping to path=/quotes/OsWfcPnAKP6f3v65kl8H"}}
[debug] [2025-09-07T14:14:14.344Z] [worker-pool] submitRequest(triggerId=us-central1-api) {"metadata":{"emulator":{"name":"functions"},"message":"[worker-pool] submitRequest(triggerId=us-central1-api)"}}
[info] i  functions: Beginning execution of "us-central1-api" {"metadata":{"emulator":{"name":"functions"},"function":{"name":"us-central1-api"},"extension":{},"message":"Beginning execution of \"us-central1-api\""}}
[debug] [2025-09-07T14:14:14.346Z] [worker-us-central1-api-3157fdf8-a820-4bc2-979a-d7136443cee3]: BUSY {"metadata":{"emulator":{"name":"functions"},"function":{"name":"us-central1-api"},"extension":{},"message":"[worker-us-central1-api-3157fdf8-a820-4bc2-979a-d7136443cee3]: BUSY"}}
[info] >  [api] GET /quotes/OsWfcPnAKP6f3v65kl8H {"user":"[api] GET /quotes/OsWfcPnAKP6f3v65kl8H","metadata":{"emulator":{"name":"functions"},"function":{"name":"us-central1-api"},"extension":{},"message":"\u001b[90m> \u001b[39m [api] GET /quotes/OsWfcPnAKP6f3v65kl8H"}}
[debug] [2025-09-07T14:14:14.436Z] Finishing up request with event=pause {"metadata":{"emulator":{"name":"functions"},"function":{"name":"us-central1-api"},"extension":{},"message":"Finishing up request with event=pause"}}
[info] i  functions: Finished "us-central1-api" in 90.197709ms {"metadata":{"emulator":{"name":"functions"},"function":{"name":"us-central1-api"},"extension":{},"message":"Finished \"us-central1-api\" in 90.197709ms"}}
[debug] [2025-09-07T14:14:14.436Z] [worker-us-central1-api-3157fdf8-a820-4bc2-979a-d7136443cee3]: IDLE {"metadata":{"emulator":{"name":"functions"},"function":{"name":"us-central1-api"},"extension":{},"message":"[worker-us-central1-api-3157fdf8-a820-4bc2-979a-d7136443cee3]: IDLE"}}
[debug] [2025-09-07T14:14:14.436Z] Finishing up request with event=finish {"metadata":{"emulator":{"name":"functions"},"function":{"name":"us-central1-api"},"extension":{},"message":"Finishing up request with event=finish"}}
[debug] [2025-09-07T14:14:14.436Z] Finishing up request with event=close {"metadata":{"emulator":{"name":"functions"},"function":{"name":"us-central1-api"},"extension":{},"message":"Finishing up request with event=close"}}
[debug] [2025-09-07T14:14:14.436Z] [work-queue] {"queuedWork":[],"queueLength":0,"runningWork":[],"workRunningCount":0}
[debug] [2025-09-07T14:16:31.068Z] [work-queue] {"queuedWork":["/luxeclean-prod/us-central1/api/jobs-2025-09-07T14:16:31.065Z"],"queueLength":1,"runningWork":[],"workRunningCount":0}
[debug] [2025-09-07T14:16:31.070Z] [work-queue] {"queuedWork":[],"queueLength":0,"runningWork":["/luxeclean-prod/us-central1/api/jobs-2025-09-07T14:16:31.065Z"],"workRunningCount":1}
[debug] [2025-09-07T14:16:31.070Z] Accepted request POST /luxeclean-prod/us-central1/api/jobs --> us-central1-api
[debug] [2025-09-07T14:16:31.072Z] [functions] Runtime ready! Sending request! {"metadata":{"emulator":{"name":"functions"},"message":"[functions] Runtime ready! Sending request!"}}
[debug] [2025-09-07T14:16:31.074Z] [functions] Got req.url=/luxeclean-prod/us-central1/api/jobs, mapping to path=/jobs {"metadata":{"emulator":{"name":"functions"},"message":"[functions] Got req.url=/luxeclean-prod/us-central1/api/jobs, mapping to path=/jobs"}}
[debug] [2025-09-07T14:16:31.074Z] [worker-pool] submitRequest(triggerId=us-central1-api) {"metadata":{"emulator":{"name":"functions"},"message":"[worker-pool] submitRequest(triggerId=us-central1-api)"}}
[info] i  functions: Beginning execution of "us-central1-api" {"metadata":{"emulator":{"name":"functions"},"function":{"name":"us-central1-api"},"extension":{},"message":"Beginning execution of \"us-central1-api\""}}
[debug] [2025-09-07T14:16:31.076Z] [worker-us-central1-api-3157fdf8-a820-4bc2-979a-d7136443cee3]: BUSY {"metadata":{"emulator":{"name":"functions"},"function":{"name":"us-central1-api"},"extension":{},"message":"[worker-us-central1-api-3157fdf8-a820-4bc2-979a-d7136443cee3]: BUSY"}}
[info] >  [api] POST /jobs {"user":"[api] POST /jobs","metadata":{"emulator":{"name":"functions"},"function":{"name":"us-central1-api"},"extension":{},"message":"\u001b[90m> \u001b[39m [api] POST /jobs"}}
[debug] [2025-09-07T14:16:31.142Z] Finishing up request with event=pause {"metadata":{"emulator":{"name":"functions"},"function":{"name":"us-central1-api"},"extension":{},"message":"Finishing up request with event=pause"}}
[info] i  functions: Finished "us-central1-api" in 66.013708ms {"metadata":{"emulator":{"name":"functions"},"function":{"name":"us-central1-api"},"extension":{},"message":"Finished \"us-central1-api\" in 66.013708ms"}}
[debug] [2025-09-07T14:16:31.143Z] [worker-us-central1-api-3157fdf8-a820-4bc2-979a-d7136443cee3]: IDLE {"metadata":{"emulator":{"name":"functions"},"function":{"name":"us-central1-api"},"extension":{},"message":"[worker-us-central1-api-3157fdf8-a820-4bc2-979a-d7136443cee3]: IDLE"}}
[debug] [2025-09-07T14:16:31.143Z] Finishing up request with event=finish {"metadata":{"emulator":{"name":"functions"},"function":{"name":"us-central1-api"},"extension":{},"message":"Finishing up request with event=finish"}}
[debug] [2025-09-07T14:16:31.143Z] Finishing up request with event=close {"metadata":{"emulator":{"name":"functions"},"function":{"name":"us-central1-api"},"extension":{},"message":"Finishing up request with event=close"}}
[debug] [2025-09-07T14:16:31.143Z] [work-queue] {"queuedWork":[],"queueLength":0,"runningWork":[],"workRunningCount":0}
[debug] [2025-09-07T14:20:00.158Z] [work-queue] {"queuedWork":["/luxeclean-prod/us-central1/api/jobs-2025-09-07T14:20:00.156Z"],"queueLength":1,"runningWork":[],"workRunningCount":0}
[debug] [2025-09-07T14:20:00.159Z] [work-queue] {"queuedWork":[],"queueLength":0,"runningWork":["/luxeclean-prod/us-central1/api/jobs-2025-09-07T14:20:00.156Z"],"workRunningCount":1}
[debug] [2025-09-07T14:20:00.160Z] Accepted request POST /luxeclean-prod/us-central1/api/jobs --> us-central1-api
[debug] [2025-09-07T14:20:00.162Z] [functions] Runtime ready! Sending request! {"metadata":{"emulator":{"name":"functions"},"message":"[functions] Runtime ready! Sending request!"}}
[debug] [2025-09-07T14:20:00.163Z] [functions] Got req.url=/luxeclean-prod/us-central1/api/jobs, mapping to path=/jobs {"metadata":{"emulator":{"name":"functions"},"message":"[functions] Got req.url=/luxeclean-prod/us-central1/api/jobs, mapping to path=/jobs"}}
[debug] [2025-09-07T14:20:00.163Z] [worker-pool] submitRequest(triggerId=us-central1-api) {"metadata":{"emulator":{"name":"functions"},"message":"[worker-pool] submitRequest(triggerId=us-central1-api)"}}
[info] i  functions: Beginning execution of "us-central1-api" {"metadata":{"emulator":{"name":"functions"},"function":{"name":"us-central1-api"},"extension":{},"message":"Beginning execution of \"us-central1-api\""}}
[debug] [2025-09-07T14:20:00.163Z] [worker-us-central1-api-3157fdf8-a820-4bc2-979a-d7136443cee3]: BUSY {"metadata":{"emulator":{"name":"functions"},"function":{"name":"us-central1-api"},"extension":{},"message":"[worker-us-central1-api-3157fdf8-a820-4bc2-979a-d7136443cee3]: BUSY"}}
[info] >  [api] POST /jobs {"user":"[api] POST /jobs","metadata":{"emulator":{"name":"functions"},"function":{"name":"us-central1-api"},"extension":{},"message":"\u001b[90m> \u001b[39m [api] POST /jobs"}}
[debug] [2025-09-07T14:20:00.200Z] Finishing up request with event=pause {"metadata":{"emulator":{"name":"functions"},"function":{"name":"us-central1-api"},"extension":{},"message":"Finishing up request with event=pause"}}
[info] i  functions: Finished "us-central1-api" in 36.773958ms {"metadata":{"emulator":{"name":"functions"},"function":{"name":"us-central1-api"},"extension":{},"message":"Finished \"us-central1-api\" in 36.773958ms"}}
[debug] [2025-09-07T14:20:00.200Z] [worker-us-central1-api-3157fdf8-a820-4bc2-979a-d7136443cee3]: IDLE {"metadata":{"emulator":{"name":"functions"},"function":{"name":"us-central1-api"},"extension":{},"message":"[worker-us-central1-api-3157fdf8-a820-4bc2-979a-d7136443cee3]: IDLE"}}
[debug] [2025-09-07T14:20:00.200Z] Finishing up request with event=finish {"metadata":{"emulator":{"name":"functions"},"function":{"name":"us-central1-api"},"extension":{},"message":"Finishing up request with event=finish"}}
[debug] [2025-09-07T14:20:00.200Z] Finishing up request with event=close {"metadata":{"emulator":{"name":"functions"},"function":{"name":"us-central1-api"},"extension":{},"message":"Finishing up request with event=close"}}
[debug] [2025-09-07T14:20:00.201Z] [work-queue] {"queuedWork":[],"queueLength":0,"runningWork":[],"workRunningCount":0}
[debug] [2025-09-07T14:20:29.828Z] [work-queue] {"queuedWork":["/luxeclean-prod/us-central1/api/jobs/nz6nxwNtO3TOuwiZsCqK/checklist-2025-09-07T14:20:29.828Z"],"queueLength":1,"runningWork":[],"workRunningCount":0}
[debug] [2025-09-07T14:20:29.829Z] [work-queue] {"queuedWork":[],"queueLength":0,"runningWork":["/luxeclean-prod/us-central1/api/jobs/nz6nxwNtO3TOuwiZsCqK/checklist-2025-09-07T14:20:29.828Z"],"workRunningCount":1}
[debug] [2025-09-07T14:20:29.829Z] Accepted request PATCH /luxeclean-prod/us-central1/api/jobs/nz6nxwNtO3TOuwiZsCqK/checklist --> us-central1-api
[debug] [2025-09-07T14:20:29.830Z] [functions] Runtime ready! Sending request! {"metadata":{"emulator":{"name":"functions"},"message":"[functions] Runtime ready! Sending request!"}}
[debug] [2025-09-07T14:20:29.830Z] [functions] Got req.url=/luxeclean-prod/us-central1/api/jobs/nz6nxwNtO3TOuwiZsCqK/checklist, mapping to path=/jobs/nz6nxwNtO3TOuwiZsCqK/checklist {"metadata":{"emulator":{"name":"functions"},"message":"[functions] Got req.url=/luxeclean-prod/us-central1/api/jobs/nz6nxwNtO3TOuwiZsCqK/checklist, mapping to path=/jobs/nz6nxwNtO3TOuwiZsCqK/checklist"}}
[debug] [2025-09-07T14:20:29.830Z] [worker-pool] submitRequest(triggerId=us-central1-api) {"metadata":{"emulator":{"name":"functions"},"message":"[worker-pool] submitRequest(triggerId=us-central1-api)"}}
[info] i  functions: Beginning execution of "us-central1-api" {"metadata":{"emulator":{"name":"functions"},"function":{"name":"us-central1-api"},"extension":{},"message":"Beginning execution of \"us-central1-api\""}}
[debug] [2025-09-07T14:20:29.831Z] [worker-us-central1-api-3157fdf8-a820-4bc2-979a-d7136443cee3]: BUSY {"metadata":{"emulator":{"name":"functions"},"function":{"name":"us-central1-api"},"extension":{},"message":"[worker-us-central1-api-3157fdf8-a820-4bc2-979a-d7136443cee3]: BUSY"}}
[info] >  [api] PATCH /jobs/nz6nxwNtO3TOuwiZsCqK/checklist {"user":"[api] PATCH /jobs/nz6nxwNtO3TOuwiZsCqK/checklist","metadata":{"emulator":{"name":"functions"},"function":{"name":"us-central1-api"},"extension":{},"message":"\u001b[90m> \u001b[39m [api] PATCH /jobs/nz6nxwNtO3TOuwiZsCqK/checklist"}}
[debug] [2025-09-07T14:20:29.885Z] Finishing up request with event=pause {"metadata":{"emulator":{"name":"functions"},"function":{"name":"us-central1-api"},"extension":{},"message":"Finishing up request with event=pause"}}
[info] i  functions: Finished "us-central1-api" in 54.528459ms {"metadata":{"emulator":{"name":"functions"},"function":{"name":"us-central1-api"},"extension":{},"message":"Finished \"us-central1-api\" in 54.528459ms"}}
[debug] [2025-09-07T14:20:29.885Z] [worker-us-central1-api-3157fdf8-a820-4bc2-979a-d7136443cee3]: IDLE {"metadata":{"emulator":{"name":"functions"},"function":{"name":"us-central1-api"},"extension":{},"message":"[worker-us-central1-api-3157fdf8-a820-4bc2-979a-d7136443cee3]: IDLE"}}
[debug] [2025-09-07T14:20:29.885Z] Finishing up request with event=finish {"metadata":{"emulator":{"name":"functions"},"function":{"name":"us-central1-api"},"extension":{},"message":"Finishing up request with event=finish"}}
[debug] [2025-09-07T14:20:29.885Z] Finishing up request with event=close {"metadata":{"emulator":{"name":"functions"},"function":{"name":"us-central1-api"},"extension":{},"message":"Finishing up request with event=close"}}
[debug] [2025-09-07T14:20:29.885Z] [work-queue] {"queuedWork":[],"queueLength":0,"runningWork":[],"workRunningCount":0}
[debug] [2025-09-07T14:20:29.899Z] [work-queue] {"queuedWork":["/luxeclean-prod/us-central1/api/jobs/nz6nxwNtO3TOuwiZsCqK-2025-09-07T14:20:29.899Z"],"queueLength":1,"runningWork":[],"workRunningCount":0}
[debug] [2025-09-07T14:20:29.900Z] [work-queue] {"queuedWork":[],"queueLength":0,"runningWork":["/luxeclean-prod/us-central1/api/jobs/nz6nxwNtO3TOuwiZsCqK-2025-09-07T14:20:29.899Z"],"workRunningCount":1}
[debug] [2025-09-07T14:20:29.900Z] Accepted request GET /luxeclean-prod/us-central1/api/jobs/nz6nxwNtO3TOuwiZsCqK --> us-central1-api
[debug] [2025-09-07T14:20:29.900Z] [functions] Runtime ready! Sending request! {"metadata":{"emulator":{"name":"functions"},"message":"[functions] Runtime ready! Sending request!"}}
[debug] [2025-09-07T14:20:29.900Z] [functions] Got req.url=/luxeclean-prod/us-central1/api/jobs/nz6nxwNtO3TOuwiZsCqK, mapping to path=/jobs/nz6nxwNtO3TOuwiZsCqK {"metadata":{"emulator":{"name":"functions"},"message":"[functions] Got req.url=/luxeclean-prod/us-central1/api/jobs/nz6nxwNtO3TOuwiZsCqK, mapping to path=/jobs/nz6nxwNtO3TOuwiZsCqK"}}
[debug] [2025-09-07T14:20:29.900Z] [worker-pool] submitRequest(triggerId=us-central1-api) {"metadata":{"emulator":{"name":"functions"},"message":"[worker-pool] submitRequest(triggerId=us-central1-api)"}}
[info] i  functions: Beginning execution of "us-central1-api" {"metadata":{"emulator":{"name":"functions"},"function":{"name":"us-central1-api"},"extension":{},"message":"Beginning execution of \"us-central1-api\""}}
[debug] [2025-09-07T14:20:29.900Z] [worker-us-central1-api-3157fdf8-a820-4bc2-979a-d7136443cee3]: BUSY {"metadata":{"emulator":{"name":"functions"},"function":{"name":"us-central1-api"},"extension":{},"message":"[worker-us-central1-api-3157fdf8-a820-4bc2-979a-d7136443cee3]: BUSY"}}
[info] >  [api] GET /jobs/nz6nxwNtO3TOuwiZsCqK {"user":"[api] GET /jobs/nz6nxwNtO3TOuwiZsCqK","metadata":{"emulator":{"name":"functions"},"function":{"name":"us-central1-api"},"extension":{},"message":"\u001b[90m> \u001b[39m [api] GET /jobs/nz6nxwNtO3TOuwiZsCqK"}}
[debug] [2025-09-07T14:20:29.908Z] Finishing up request with event=pause {"metadata":{"emulator":{"name":"functions"},"function":{"name":"us-central1-api"},"extension":{},"message":"Finishing up request with event=pause"}}
[info] i  functions: Finished "us-central1-api" in 7.994459ms {"metadata":{"emulator":{"name":"functions"},"function":{"name":"us-central1-api"},"extension":{},"message":"Finished \"us-central1-api\" in 7.994459ms"}}
[debug] [2025-09-07T14:20:29.908Z] [worker-us-central1-api-3157fdf8-a820-4bc2-979a-d7136443cee3]: IDLE {"metadata":{"emulator":{"name":"functions"},"function":{"name":"us-central1-api"},"extension":{},"message":"[worker-us-central1-api-3157fdf8-a820-4bc2-979a-d7136443cee3]: IDLE"}}
[debug] [2025-09-07T14:20:29.908Z] Finishing up request with event=finish {"metadata":{"emulator":{"name":"functions"},"function":{"name":"us-central1-api"},"extension":{},"message":"Finishing up request with event=finish"}}
[debug] [2025-09-07T14:20:29.908Z] Finishing up request with event=close {"metadata":{"emulator":{"name":"functions"},"function":{"name":"us-central1-api"},"extension":{},"message":"Finishing up request with event=close"}}
[debug] [2025-09-07T14:20:29.908Z] [work-queue] {"queuedWork":[],"queueLength":0,"runningWork":[],"workRunningCount":0}
[debug] [2025-09-07T14:23:29.239Z] [work-queue] {"queuedWork":["/luxeclean-prod/us-central1/api/linen/orders-2025-09-07T14:23:29.239Z"],"queueLength":1,"runningWork":[],"workRunningCount":0}
[debug] [2025-09-07T14:23:29.240Z] [work-queue] {"queuedWork":[],"queueLength":0,"runningWork":["/luxeclean-prod/us-central1/api/linen/orders-2025-09-07T14:23:29.239Z"],"workRunningCount":1}
[debug] [2025-09-07T14:23:29.240Z] Accepted request POST /luxeclean-prod/us-central1/api/linen/orders --> us-central1-api
[debug] [2025-09-07T14:23:29.241Z] [functions] Runtime ready! Sending request! {"metadata":{"emulator":{"name":"functions"},"message":"[functions] Runtime ready! Sending request!"}}
[debug] [2025-09-07T14:23:29.241Z] [functions] Got req.url=/luxeclean-prod/us-central1/api/linen/orders, mapping to path=/linen/orders {"metadata":{"emulator":{"name":"functions"},"message":"[functions] Got req.url=/luxeclean-prod/us-central1/api/linen/orders, mapping to path=/linen/orders"}}
[debug] [2025-09-07T14:23:29.242Z] [worker-pool] submitRequest(triggerId=us-central1-api) {"metadata":{"emulator":{"name":"functions"},"message":"[worker-pool] submitRequest(triggerId=us-central1-api)"}}
[info] i  functions: Beginning execution of "us-central1-api" {"metadata":{"emulator":{"name":"functions"},"function":{"name":"us-central1-api"},"extension":{},"message":"Beginning execution of \"us-central1-api\""}}
[debug] [2025-09-07T14:23:29.242Z] [worker-us-central1-api-3157fdf8-a820-4bc2-979a-d7136443cee3]: BUSY {"metadata":{"emulator":{"name":"functions"},"function":{"name":"us-central1-api"},"extension":{},"message":"[worker-us-central1-api-3157fdf8-a820-4bc2-979a-d7136443cee3]: BUSY"}}
[info] >  [api] POST /linen/orders {"user":"[api] POST /linen/orders","metadata":{"emulator":{"name":"functions"},"function":{"name":"us-central1-api"},"extension":{},"message":"\u001b[90m> \u001b[39m [api] POST /linen/orders"}}
[debug] [2025-09-07T14:23:29.285Z] Finishing up request with event=pause {"metadata":{"emulator":{"name":"functions"},"function":{"name":"us-central1-api"},"extension":{},"message":"Finishing up request with event=pause"}}
[info] i  functions: Finished "us-central1-api" in 42.642083ms {"metadata":{"emulator":{"name":"functions"},"function":{"name":"us-central1-api"},"extension":{},"message":"Finished \"us-central1-api\" in 42.642083ms"}}
[debug] [2025-09-07T14:23:29.285Z] [worker-us-central1-api-3157fdf8-a820-4bc2-979a-d7136443cee3]: IDLE {"metadata":{"emulator":{"name":"functions"},"function":{"name":"us-central1-api"},"extension":{},"message":"[worker-us-central1-api-3157fdf8-a820-4bc2-979a-d7136443cee3]: IDLE"}}
[debug] [2025-09-07T14:23:29.285Z] Finishing up request with event=finish {"metadata":{"emulator":{"name":"functions"},"function":{"name":"us-central1-api"},"extension":{},"message":"Finishing up request with event=finish"}}
[debug] [2025-09-07T14:23:29.285Z] Finishing up request with event=close {"metadata":{"emulator":{"name":"functions"},"function":{"name":"us-central1-api"},"extension":{},"message":"Finishing up request with event=close"}}
[debug] [2025-09-07T14:23:29.285Z] [work-queue] {"queuedWork":[],"queueLength":0,"runningWork":[],"workRunningCount":0}
[debug] [2025-09-07T14:23:38.582Z] [work-queue] {"queuedWork":["/luxeclean-prod/us-central1/api/linen/orders/b8FPeZ5NQW51MZ4tkhVH-2025-09-07T14:23:38.582Z"],"queueLength":1,"runningWork":[],"workRunningCount":0}
[debug] [2025-09-07T14:23:38.583Z] [work-queue] {"queuedWork":[],"queueLength":0,"runningWork":["/luxeclean-prod/us-central1/api/linen/orders/b8FPeZ5NQW51MZ4tkhVH-2025-09-07T14:23:38.582Z"],"workRunningCount":1}
[debug] [2025-09-07T14:23:38.583Z] Accepted request GET /luxeclean-prod/us-central1/api/linen/orders/b8FPeZ5NQW51MZ4tkhVH --> us-central1-api
[debug] [2025-09-07T14:23:38.584Z] [functions] Runtime ready! Sending request! {"metadata":{"emulator":{"name":"functions"},"message":"[functions] Runtime ready! Sending request!"}}
[debug] [2025-09-07T14:23:38.584Z] [functions] Got req.url=/luxeclean-prod/us-central1/api/linen/orders/b8FPeZ5NQW51MZ4tkhVH, mapping to path=/linen/orders/b8FPeZ5NQW51MZ4tkhVH {"metadata":{"emulator":{"name":"functions"},"message":"[functions] Got req.url=/luxeclean-prod/us-central1/api/linen/orders/b8FPeZ5NQW51MZ4tkhVH, mapping to path=/linen/orders/b8FPeZ5NQW51MZ4tkhVH"}}
[debug] [2025-09-07T14:23:38.584Z] [worker-pool] submitRequest(triggerId=us-central1-api) {"metadata":{"emulator":{"name":"functions"},"message":"[worker-pool] submitRequest(triggerId=us-central1-api)"}}
[info] i  functions: Beginning execution of "us-central1-api" {"metadata":{"emulator":{"name":"functions"},"function":{"name":"us-central1-api"},"extension":{},"message":"Beginning execution of \"us-central1-api\""}}
[debug] [2025-09-07T14:23:38.585Z] [worker-us-central1-api-3157fdf8-a820-4bc2-979a-d7136443cee3]: BUSY {"metadata":{"emulator":{"name":"functions"},"function":{"name":"us-central1-api"},"extension":{},"message":"[worker-us-central1-api-3157fdf8-a820-4bc2-979a-d7136443cee3]: BUSY"}}
[info] >  [api] GET /linen/orders/b8FPeZ5NQW51MZ4tkhVH {"user":"[api] GET /linen/orders/b8FPeZ5NQW51MZ4tkhVH","metadata":{"emulator":{"name":"functions"},"function":{"name":"us-central1-api"},"extension":{},"message":"\u001b[90m> \u001b[39m [api] GET /linen/orders/b8FPeZ5NQW51MZ4tkhVH"}}
[debug] [2025-09-07T14:23:38.616Z] Finishing up request with event=pause {"metadata":{"emulator":{"name":"functions"},"function":{"name":"us-central1-api"},"extension":{},"message":"Finishing up request with event=pause"}}
[info] i  functions: Finished "us-central1-api" in 31.878125ms {"metadata":{"emulator":{"name":"functions"},"function":{"name":"us-central1-api"},"extension":{},"message":"Finished \"us-central1-api\" in 31.878125ms"}}
[debug] [2025-09-07T14:23:38.617Z] [worker-us-central1-api-3157fdf8-a820-4bc2-979a-d7136443cee3]: IDLE {"metadata":{"emulator":{"name":"functions"},"function":{"name":"us-central1-api"},"extension":{},"message":"[worker-us-central1-api-3157fdf8-a820-4bc2-979a-d7136443cee3]: IDLE"}}
[debug] [2025-09-07T14:23:38.617Z] Finishing up request with event=finish {"metadata":{"emulator":{"name":"functions"},"function":{"name":"us-central1-api"},"extension":{},"message":"Finishing up request with event=finish"}}
[debug] [2025-09-07T14:23:38.617Z] Finishing up request with event=close {"metadata":{"emulator":{"name":"functions"},"function":{"name":"us-central1-api"},"extension":{},"message":"Finishing up request with event=close"}}
[debug] [2025-09-07T14:23:38.617Z] [work-queue] {"queuedWork":[],"queueLength":0,"runningWork":[],"workRunningCount":0}
